<?xml version="1.0" encoding="UTF-8"?>
<testng-results ignored="0" total="1" passed="1" failed="0" skipped="0">
  <reporter-output>
  </reporter-output>
  <suite started-at="2024-05-30T09:52:54 IST" name="Barister" finished-at="2024-05-30T09:53:05 IST" duration-ms="10699">
    <groups>
    </groups>
    <test started-at="2024-05-30T09:52:54 IST" name="Search Test" finished-at="2024-05-30T09:53:05 IST" duration-ms="10699">
      <class name="Test.SearchTest">
        <test-method is-config="true" signature="setUp(java.lang.String)[pri:0, instance:Test.SearchTest@34b9f960]" started-at="2024-05-30T09:52:54 IST" name="setUp" finished-at="2024-05-30T09:53:04 IST" duration-ms="9628" status="PASS">
          <params>
            <param index="0">
              <value>
                <![CDATA[chrome]]>
              </value>
            </param>
          </params>
          <reporter-output>
          </reporter-output>
        </test-method> <!-- setUp -->
        <test-method signature="asearchTest()[pri:0, instance:Test.SearchTest@34b9f960]" started-at="2024-05-30T09:53:04 IST" name="asearchTest" finished-at="2024-05-30T09:53:04 IST" duration-ms="470" status="PASS">
          <reporter-output>
          </reporter-output>
        </test-method> <!-- asearchTest -->
        <test-method is-config="true" signature="closeTest()[pri:0, instance:Test.SearchTest@34b9f960]" started-at="2024-05-30T09:53:04 IST" name="closeTest" finished-at="2024-05-30T09:53:05 IST" duration-ms="529" status="PASS">
          <reporter-output>
          </reporter-output>
        </test-method> <!-- closeTest -->
      </class> <!-- Test.SearchTest -->
    </test> <!-- Search Test -->
  </suite> <!-- Barister -->
</testng-results>
